<?xml version="1.0" encoding="UTF-8"?>
<testng-results skipped="0" failed="0" ignored="0" total="1" passed="1">
  <reporter-output>
  </reporter-output>
  <suite name="Default suite" duration-ms="43" started-at="2020-01-25T14:12:30 EST" finished-at="2020-01-25T14:12:30 EST">
    <groups>
    </groups>
    <test name="Default test" duration-ms="43" started-at="2020-01-25T14:12:30 EST" finished-at="2020-01-25T14:12:30 EST">
      <class name="ali">
        <test-method status="PASS" signature="readConfigFile()[pri:0, instance:ali@66480dd7]" name="readConfigFile" duration-ms="12" started-at="2020-01-25T14:12:30 EST" finished-at="2020-01-25T14:12:30 EST">
          <reporter-output>
          </reporter-output>
        </test-method> <!-- readConfigFile -->
      </class> <!-- ali -->
    </test> <!-- Default test -->
  </suite> <!-- Default suite -->
</testng-results>
